
ROM used:   714/1024 (70%)
            714/1024 (70%) including unused fragments

            1.3 Average locations per line
            23.0 Average locations per statement

RAM used:   28/64 (44%) at main() level
            51/64 (80%) worst case

Stack used: 1 worst case (0 in main + 1 for interrupts)
Stack size: 8

Lines Stmts  %   Files
----- ----- ---  -----
   67    31 100  ýsý kontrol 1.c
    9     0   0  ýsý kontrol 1.h
  487     0   0  ..\..\..\Program Files (x86)\PICC\Devices\12F675.h
----- -----
  563    31 Total

Page ROM  %  RAM   Vol Diff  Functions:
---- --- --- ---   --- ----  ----------
0     20   3    1             @delay_ms1
0     40   6    1   209  4.0  RTCC_isr
0     96  13    0   117  2.4  AD_isr
 Inline        10             @FLT
0    150  21    4   372  3.6  MAIN
0     29   4    2             @ITOF
0    117  16   13             @MULFF
0    202  28   14             @DIVFF
 Inline         0             @cinit1

Program metrics:
    Functions               3
    Statements              31
    Comments                102
    Volume (V)              917
    Difficulty (D)          9.3
    Effort to implement (E) 8554
    Time to implement (T)   8 minutes
    Est Delivered Bugs (B)  0
    Cyclomatic Complexity   3
    Maintainability (MI)    122

 Segment     Used  Free
-----------  ----  ----
00000-00003     4  0  
00004-0003B    56  0  
0003C-003FF   654  310  



